  ADS_CA2_Tree.cpp
C:\Users\D00241651\GitRepos\AlgorythmCAArnas-Ciaran\VisualstudioProjectFiles\ADS_CA2_Tree-master\ADS_CA2_Tree\Customer.h(61,2): error C2059: syntax error: '}'
C:\Users\D00241651\GitRepos\AlgorythmCAArnas-Ciaran\VisualstudioProjectFiles\ADS_CA2_Tree-master\ADS_CA2_Tree\Customer.h(61,2): error C2143: syntax error: missing ';' before '}'
C:\Users\D00241651\GitRepos\AlgorythmCAArnas-Ciaran\VisualstudioProjectFiles\ADS_CA2_Tree-master\ADS_CA2_Tree\Customer.h(63,2): error C2255: 'friend': not allowed outside of a class definition
C:\Users\D00241651\GitRepos\AlgorythmCAArnas-Ciaran\VisualstudioProjectFiles\ADS_CA2_Tree-master\ADS_CA2_Tree\Customer.h(63,60): error C2143: syntax error: missing ';' before '{'
C:\Users\D00241651\GitRepos\AlgorythmCAArnas-Ciaran\VisualstudioProjectFiles\ADS_CA2_Tree-master\ADS_CA2_Tree\Customer.h(63,60): error C2447: '{': missing function header (old-style formal list?)
C:\Users\D00241651\GitRepos\AlgorythmCAArnas-Ciaran\VisualstudioProjectFiles\ADS_CA2_Tree-master\ADS_CA2_Tree\Customer.h(82,2): error C2255: 'friend': not allowed outside of a class definition
C:\Users\D00241651\GitRepos\AlgorythmCAArnas-Ciaran\VisualstudioProjectFiles\ADS_CA2_Tree-master\ADS_CA2_Tree\Customer.h(90,2): error C2270: 'hash': modifiers not allowed on nonmember functions
C:\Users\D00241651\GitRepos\AlgorythmCAArnas-Ciaran\VisualstudioProjectFiles\ADS_CA2_Tree-master\ADS_CA2_Tree\Customer.h(93,37): error C2355: 'this': can only be referenced inside non-static member functions or non-static data member initializers
C:\Users\D00241651\GitRepos\AlgorythmCAArnas-Ciaran\VisualstudioProjectFiles\ADS_CA2_Tree-master\ADS_CA2_Tree\Customer.h(94,28): error C2355: 'this': can only be referenced inside non-static member functions or non-static data member initializers
C:\Users\D00241651\GitRepos\AlgorythmCAArnas-Ciaran\VisualstudioProjectFiles\ADS_CA2_Tree-master\ADS_CA2_Tree\Customer.h(95,31): error C2355: 'this': can only be referenced inside non-static member functions or non-static data member initializers
C:\Users\D00241651\GitRepos\AlgorythmCAArnas-Ciaran\VisualstudioProjectFiles\ADS_CA2_Tree-master\ADS_CA2_Tree\Customer.h(96,12): error C2065: 'date': undeclared identifier
C:\Users\D00241651\GitRepos\AlgorythmCAArnas-Ciaran\VisualstudioProjectFiles\ADS_CA2_Tree-master\ADS_CA2_Tree\Customer.h(100,1): error C2059: syntax error: '}'
C:\Users\D00241651\GitRepos\AlgorythmCAArnas-Ciaran\VisualstudioProjectFiles\ADS_CA2_Tree-master\ADS_CA2_Tree\Customer.h(100,1): error C2143: syntax error: missing ';' before '}'
C:\Users\D00241651\GitRepos\AlgorythmCAArnas-Ciaran\VisualstudioProjectFiles\ADS_CA2_Tree-master\ADS_CA2_Tree\ADS_CA2_Tree.cpp(35,9): error C2872: 'hash': ambiguous symbol
C:\Users\D00241651\GitRepos\AlgorythmCAArnas-Ciaran\VisualstudioProjectFiles\ADS_CA2_Tree-master\ADS_CA2_Tree\Customer.h(89,14): message : could be 'size_t hash(void)'
C:\Program Files\Microsoft Visual Studio\2022\Community\VC\Tools\MSVC\14.32.31326\include\type_traits(2111,1): message : or       'std::hash'
C:\Users\D00241651\GitRepos\AlgorythmCAArnas-Ciaran\VisualstudioProjectFiles\ADS_CA2_Tree-master\ADS_CA2_Tree\ADS_CA2_Tree.cpp(35,10): error C2275: 'std::string': expected an expression instead of a type
C:\Users\D00241651\GitRepos\AlgorythmCAArnas-Ciaran\VisualstudioProjectFiles\ADS_CA2_Tree-master\ADS_CA2_Tree\ADS_CA2_Tree.cpp(35,18): error C2065: 'hasherStr': undeclared identifier
C:\Users\D00241651\GitRepos\AlgorythmCAArnas-Ciaran\VisualstudioProjectFiles\ADS_CA2_Tree-master\ADS_CA2_Tree\ADS_CA2_Tree.cpp(37,42): error C3861: 'hasherStr': identifier not found
C:\Users\D00241651\GitRepos\AlgorythmCAArnas-Ciaran\VisualstudioProjectFiles\ADS_CA2_Tree-master\ADS_CA2_Tree\ADS_CA2_Tree.cpp(40,9): error C2872: 'hash': ambiguous symbol
C:\Users\D00241651\GitRepos\AlgorythmCAArnas-Ciaran\VisualstudioProjectFiles\ADS_CA2_Tree-master\ADS_CA2_Tree\Customer.h(89,14): message : could be 'size_t hash(void)'
C:\Program Files\Microsoft Visual Studio\2022\Community\VC\Tools\MSVC\14.32.31326\include\type_traits(2111,1): message : or       'std::hash'
C:\Users\D00241651\GitRepos\AlgorythmCAArnas-Ciaran\VisualstudioProjectFiles\ADS_CA2_Tree-master\ADS_CA2_Tree\ADS_CA2_Tree.cpp(40,10): error C2062: type 'double' unexpected
C:\Users\D00241651\GitRepos\AlgorythmCAArnas-Ciaran\VisualstudioProjectFiles\ADS_CA2_Tree-master\ADS_CA2_Tree\ADS_CA2_Tree.cpp(42,42): error C3861: 'hasherDbl': identifier not found
C:\Users\D00241651\GitRepos\AlgorythmCAArnas-Ciaran\VisualstudioProjectFiles\ADS_CA2_Tree-master\ADS_CA2_Tree\ADS_CA2_Tree.cpp(46,43): error C3861: 'hasherDbl': identifier not found
C:\Users\D00241651\GitRepos\AlgorythmCAArnas-Ciaran\VisualstudioProjectFiles\ADS_CA2_Tree-master\ADS_CA2_Tree\ADS_CA2_Tree.cpp(49,21): error C3861: 'hasherStr': identifier not found
C:\Users\D00241651\GitRepos\AlgorythmCAArnas-Ciaran\VisualstudioProjectFiles\ADS_CA2_Tree-master\ADS_CA2_Tree\ADS_CA2_Tree.cpp(60,21): error C2065: 'Student': undeclared identifier
C:\Users\D00241651\GitRepos\AlgorythmCAArnas-Ciaran\VisualstudioProjectFiles\ADS_CA2_Tree-master\ADS_CA2_Tree\ADS_CA2_Tree.cpp(60,5): error C2923: 'BinaryTree': 'Student' is not a valid template type argument for parameter 'V'
C:\Users\D00241651\GitRepos\AlgorythmCAArnas-Ciaran\VisualstudioProjectFiles\ADS_CA2_Tree-master\ADS_CA2_Tree\ADS_CA2_Tree.cpp(60): message : see declaration of 'Student'
C:\Users\D00241651\GitRepos\AlgorythmCAArnas-Ciaran\VisualstudioProjectFiles\ADS_CA2_Tree-master\ADS_CA2_Tree\ADS_CA2_Tree.cpp(60,30): error C2133: 'tree': unknown size
C:\Users\D00241651\GitRepos\AlgorythmCAArnas-Ciaran\VisualstudioProjectFiles\ADS_CA2_Tree-master\ADS_CA2_Tree\ADS_CA2_Tree.cpp(60,30): error C2512: 'BinaryTree': no appropriate default constructor available
C:\Users\D00241651\GitRepos\AlgorythmCAArnas-Ciaran\VisualstudioProjectFiles\ADS_CA2_Tree-master\ADS_CA2_Tree\BinaryTree.h(7,1): message : see declaration of 'BinaryTree'
C:\Users\D00241651\GitRepos\AlgorythmCAArnas-Ciaran\VisualstudioProjectFiles\ADS_CA2_Tree-master\ADS_CA2_Tree\ADS_CA2_Tree.cpp(73,13): error C2065: 'Student': undeclared identifier
C:\Users\D00241651\GitRepos\AlgorythmCAArnas-Ciaran\VisualstudioProjectFiles\ADS_CA2_Tree-master\ADS_CA2_Tree\ADS_CA2_Tree.cpp(73,21): error C2146: syntax error: missing ';' before identifier 'Pinfo'
C:\Users\D00241651\GitRepos\AlgorythmCAArnas-Ciaran\VisualstudioProjectFiles\ADS_CA2_Tree-master\ADS_CA2_Tree\ADS_CA2_Tree.cpp(73,21): error C2065: 'Pinfo': undeclared identifier
C:\Users\D00241651\GitRepos\AlgorythmCAArnas-Ciaran\VisualstudioProjectFiles\ADS_CA2_Tree-master\ADS_CA2_Tree\ADS_CA2_Tree.cpp(103,17): error C2872: 'hash': ambiguous symbol
C:\Users\D00241651\GitRepos\AlgorythmCAArnas-Ciaran\VisualstudioProjectFiles\ADS_CA2_Tree-master\ADS_CA2_Tree\Customer.h(89,14): message : could be 'size_t hash(void)'
C:\Program Files\Microsoft Visual Studio\2022\Community\VC\Tools\MSVC\14.32.31326\include\type_traits(2111,1): message : or       'std::hash'
C:\Users\D00241651\GitRepos\AlgorythmCAArnas-Ciaran\VisualstudioProjectFiles\ADS_CA2_Tree-master\ADS_CA2_Tree\ADS_CA2_Tree.cpp(103,18): error C2275: 'std::string': expected an expression instead of a type
C:\Users\D00241651\GitRepos\AlgorythmCAArnas-Ciaran\VisualstudioProjectFiles\ADS_CA2_Tree-master\ADS_CA2_Tree\ADS_CA2_Tree.cpp(103,26): error C2065: 'hasherStr': undeclared identifier
C:\Users\D00241651\GitRepos\AlgorythmCAArnas-Ciaran\VisualstudioProjectFiles\ADS_CA2_Tree-master\ADS_CA2_Tree\ADS_CA2_Tree.cpp(120,19): error C3861: 'hasherStr': identifier not found
C:\Users\D00241651\GitRepos\AlgorythmCAArnas-Ciaran\VisualstudioProjectFiles\ADS_CA2_Tree-master\ADS_CA2_Tree\ADS_CA2_Tree.cpp(121,18): error C3861: 'hasherStr': identifier not found
C:\Users\D00241651\GitRepos\AlgorythmCAArnas-Ciaran\VisualstudioProjectFiles\ADS_CA2_Tree-master\ADS_CA2_Tree\ADS_CA2_Tree.cpp(121,39): error C3861: 'hasherStr': identifier not found
C:\Users\D00241651\GitRepos\AlgorythmCAArnas-Ciaran\VisualstudioProjectFiles\ADS_CA2_Tree-master\ADS_CA2_Tree\ADS_CA2_Tree.cpp(129,13): error C2065: 'Pinfo': undeclared identifier
C:\Users\D00241651\GitRepos\AlgorythmCAArnas-Ciaran\VisualstudioProjectFiles\ADS_CA2_Tree-master\ADS_CA2_Tree\ADS_CA2_Tree.cpp(130,13): error C2065: 'Pinfo': undeclared identifier
C:\Users\D00241651\GitRepos\AlgorythmCAArnas-Ciaran\VisualstudioProjectFiles\ADS_CA2_Tree-master\ADS_CA2_Tree\ADS_CA2_Tree.cpp(131,13): error C2065: 'Pinfo': undeclared identifier
C:\Users\D00241651\GitRepos\AlgorythmCAArnas-Ciaran\VisualstudioProjectFiles\ADS_CA2_Tree-master\ADS_CA2_Tree\ADS_CA2_Tree.cpp(132,13): error C2065: 'Pinfo': undeclared identifier
C:\Users\D00241651\GitRepos\AlgorythmCAArnas-Ciaran\VisualstudioProjectFiles\ADS_CA2_Tree-master\ADS_CA2_Tree\ADS_CA2_Tree.cpp(140,27): error C2065: 'Pinfo': undeclared identifier
  CSV.cpp
  Generating Code...
